0 info it worked if it ends with ok
1 verbose cli [ 'node', '/usr/local/bin/npm', 'install', '-g', 'ionic' ]
2 info using npm@2.5.1
3 info using node@v0.12.0
4 silly cache add args [ 'ionic', null ]
5 verbose cache add spec ionic
6 silly cache add parsed spec { raw: 'ionic',
6 silly cache add   scope: null,
6 silly cache add   name: 'ionic',
6 silly cache add   rawSpec: '',
6 silly cache add   spec: '*',
6 silly cache add   type: 'range' }
7 verbose addNamed ionic@*
8 silly addNamed semver.valid null
9 silly addNamed semver.validRange *
10 silly addNameRange { name: 'ionic', range: '*', hasData: false }
11 silly mapToRegistry name ionic
12 silly mapToRegistry using default registry
13 silly mapToRegistry registry https://registry.npmjs.org/
14 silly mapToRegistry uri https://registry.npmjs.org/ionic
15 verbose addNameRange registry:https://registry.npmjs.org/ionic not in flight; fetching
16 verbose request uri https://registry.npmjs.org/ionic
17 verbose request no auth needed
18 info attempt registry request try #1 at 12:18:53 PM
19 verbose request id a0c6ce9bf3d4f613
20 http request GET https://registry.npmjs.org/ionic
21 http 200 https://registry.npmjs.org/ionic
22 silly get cb [ 200,
22 silly get   { server: 'CouchDB/1.5.0 (Erlang OTP/R16B03)',
22 silly get     etag: '"ECVL94FZCQI8T97BWNYNH6V53"',
22 silly get     'content-type': 'application/json',
22 silly get     'cache-control': 'max-age=60',
22 silly get     'content-length': '364288',
22 silly get     'accept-ranges': 'bytes',
22 silly get     date: 'Fri, 15 May 2015 00:18:55 GMT',
22 silly get     via: '1.1 varnish',
22 silly get     age: '1',
22 silly get     connection: 'keep-alive',
22 silly get     'x-served-by': 'cache-wlg7321-WLG',
22 silly get     'x-cache': 'MISS',
22 silly get     'x-cache-hits': '0',
22 silly get     'x-timer': 'S1431649133.603676,VS0,VE1910',
22 silly get     vary: 'Accept' } ]
23 verbose get saving ionic to /Users/Guest/.npm/registry.npmjs.org/ionic/.cache.json
24 silly addNameRange number 2 { name: 'ionic', range: '*', hasData: true }
25 silly addNameRange versions [ 'ionic',
25 silly addNameRange   [ '0.9.6',
25 silly addNameRange     '0.9.8',
25 silly addNameRange     '0.9.9',
25 silly addNameRange     '0.9.10',
25 silly addNameRange     '0.9.11',
25 silly addNameRange     '0.9.12',
25 silly addNameRange     '0.9.13',
25 silly addNameRange     '0.9.14',
25 silly addNameRange     '0.9.15',
25 silly addNameRange     '0.9.16',
25 silly addNameRange     '1.0.0-beta.1',
25 silly addNameRange     '1.0.0-beta',
25 silly addNameRange     '1.0.1-beta',
25 silly addNameRange     '1.0.3-beta',
25 silly addNameRange     '1.0.4',
25 silly addNameRange     '1.0.5',
25 silly addNameRange     '1.0.6',
25 silly addNameRange     '1.0.7',
25 silly addNameRange     '1.0.8',
25 silly addNameRange     '1.0.9',
25 silly addNameRange     '1.0.10',
25 silly addNameRange     '1.0.11',
25 silly addNameRange     '1.0.12',
25 silly addNameRange     '1.0.13',
25 silly addNameRange     '1.0.14',
25 silly addNameRange     '1.0.15',
25 silly addNameRange     '1.0.16',
25 silly addNameRange     '1.0.17',
25 silly addNameRange     '1.1.0-beta1',
25 silly addNameRange     '1.1.0-beta2',
25 silly addNameRange     '1.1.0-beta3',
25 silly addNameRange     '1.1.0-beta4',
25 silly addNameRange     '1.1.0-beta5',
25 silly addNameRange     '1.1.0-beta6',
25 silly addNameRange     '1.1.0',
25 silly addNameRange     '1.1.1-beta1',
25 silly addNameRange     '1.1.1-beta2',
25 silly addNameRange     '1.1.1-beta3',
25 silly addNameRange     '1.1.1',
25 silly addNameRange     '1.1.3',
25 silly addNameRange     '1.1.4',
25 silly addNameRange     '1.1.5-beta1',
25 silly addNameRange     '1.1.5-beta2',
25 silly addNameRange     '1.1.5-beta3',
25 silly addNameRange     '1.1.5-beta4',
25 silly addNameRange     '1.1.5-beta5',
25 silly addNameRange     '1.1.5',
25 silly addNameRange     '1.1.6',
25 silly addNameRange     '1.1.7-beta1',
25 silly addNameRange     '1.1.7',
25 silly addNameRange     '1.1.8-beta1',
25 silly addNameRange     '1.1.8-beta2',
25 silly addNameRange     '1.1.8-beta3',
25 silly addNameRange     '1.1.8-beta4',
25 silly addNameRange     '1.1.8-beta5',
25 silly addNameRange     '1.1.8',
25 silly addNameRange     '1.1.9-beta1',
25 silly addNameRange     '1.1.9',
25 silly addNameRange     '1.1.10',
25 silly addNameRange     '1.1.11-beta1',
25 silly addNameRange     '1.1.11-beta2',
25 silly addNameRange     '1.1.11',
25 silly addNameRange     '1.1.12-beta1',
25 silly addNameRange     '1.1.12-beta2',
25 silly addNameRange     '1.1.12-beta3',
25 silly addNameRange     '1.1.12',
25 silly addNameRange     '1.1.13',
25 silly addNameRange     '1.1.14-beta1',
25 silly addNameRange     '1.1.14-beta2',
25 silly addNameRange     '1.1.14-beta3',
25 silly addNameRange     '1.2.0-beta1',
25 silly addNameRange     '1.2.0',
25 silly addNameRange     '1.2.1-beta1',
25 silly addNameRange     '1.2.1-beta2',
25 silly addNameRange     '1.2.1-beta3',
25 silly addNameRange     '1.2.1-beta4',
25 silly addNameRange     '1.2.1',
25 silly addNameRange     '1.2.2',
25 silly addNameRange     '1.2.3-beta1',
25 silly addNameRange     '1.2.3-beta2',
25 silly addNameRange     '1.2.3-beta3',
25 silly addNameRange     '1.2.3',
25 silly addNameRange     '1.2.4-beta1',
25 silly addNameRange     '1.2.4-beta2',
25 silly addNameRange     '1.2.4-beta3',
25 silly addNameRange     '1.2.4',
25 silly addNameRange     '1.2.5-beta1',
25 silly addNameRange     '1.2.5-beta2',
25 silly addNameRange     '1.2.5-beta3',
25 silly addNameRange     '1.2.5',
25 silly addNameRange     '1.2.6-beta1',
25 silly addNameRange     '1.2.6-beta2',
25 silly addNameRange     '1.2.6-beta3',
25 silly addNameRange     '1.2.6',
25 silly addNameRange     '1.2.7',
25 silly addNameRange     '1.2.8-beta1',
25 silly addNameRange     '1.2.8-beta2',
25 silly addNameRange     '1.2.8',
25 silly addNameRange     '1.2.9',
25 silly addNameRange     '1.2.10',
25 silly addNameRange     '1.2.11',
25 silly addNameRange     '1.2.12',
25 silly addNameRange     '1.2.13',
25 silly addNameRange     '1.2.14-beta1',
25 silly addNameRange     '1.2.14-beta2',
25 silly addNameRange     '1.2.14-beta3',
25 silly addNameRange     '1.2.14-beta4',
25 silly addNameRange     '1.2.14-beta5',
25 silly addNameRange     '1.2.14-beta6',
25 silly addNameRange     '1.2.14',
25 silly addNameRange     '1.3.0-beta1',
25 silly addNameRange     '1.3.0',
25 silly addNameRange     '1.3.1',
25 silly addNameRange     '1.3.2',
25 silly addNameRange     '1.3.3',
25 silly addNameRange     '1.3.4',
25 silly addNameRange     '1.3.5',
25 silly addNameRange     '1.3.6',
25 silly addNameRange     '1.3.7',
25 silly addNameRange     '1.3.8',
25 silly addNameRange     '1.3.9',
25 silly addNameRange     '1.3.10',
25 silly addNameRange     '1.4.0-alpha.1',
25 silly addNameRange     '1.3.11',
25 silly addNameRange     '1.3.1-1.alpha.0',
25 silly addNameRange     '1.4.0-alpha.2',
25 silly addNameRange     '1.3.12',
25 silly addNameRange     '1.3.12-beta.1',
25 silly addNameRange     '1.3.12-beta.2',
25 silly addNameRange     '1.3.13-beta.0',
25 silly addNameRange     '1.3.1-3.beta.1',
25 silly addNameRange     '1.3.1-3.beta.2',
25 silly addNameRange     '1.3.13',
25 silly addNameRange     '1.3.1-3.beta.4',
25 silly addNameRange     '1.3.14-beta',
25 silly addNameRange     '1.3.14-beta.1',
25 silly addNameRange     '1.4.0-alpha.3',
25 silly addNameRange     '1.3.14',
25 silly addNameRange     '1.4.0-alpha.4',
25 silly addNameRange     '1.4.0-alpha.5',
25 silly addNameRange     '1.3.15-beta.0',
25 silly addNameRange     '1.3.15-beta.1',
25 silly addNameRange     '1.3.15-beta.2',
25 silly addNameRange     '1.3.15-beta.3',
25 silly addNameRange     '1.3.15-beta.4',
25 silly addNameRange     '1.3.15',
25 silly addNameRange     '1.3.16',
25 silly addNameRange     '1.4.0-alpha.6',
25 silly addNameRange     '1.3.17-beta.0',
25 silly addNameRange     '1.3.17-beta.1',
25 silly addNameRange     '1.3.17-beta.2',
25 silly addNameRange     '1.3.17-beta.3',
25 silly addNameRange     '1.3.1-7.beta.4',
25 silly addNameRange     '1.3.17',
25 silly addNameRange     '1.3.18-beta.0',
25 silly addNameRange     '1.3.18-beta.1',
25 silly addNameRange     '1.3.18-beta.2',
25 silly addNameRange     '1.3.18-beta.3',
25 silly addNameRange     '1.3.18',
25 silly addNameRange     '1.3.19-beta.0',
25 silly addNameRange     '1.3.19-beta.1',
25 silly addNameRange     '1.3.19-beta.2',
25 silly addNameRange     '1.3.19-beta.3',
25 silly addNameRange     '1.3.19-beta.4',
25 silly addNameRange     '1.3.19',
25 silly addNameRange     '1.3.20',
25 silly addNameRange     '1.4.1-beta.0',
25 silly addNameRange     '1.4.0-beta.1',
25 silly addNameRange     '1.4.0-beta.2',
25 silly addNameRange     '1.4.0-beta.3',
25 silly addNameRange     '1.4.0-beta.5',
25 silly addNameRange     '1.4.0-beta.6',
25 silly addNameRange     '1.4.0-beta.7',
25 silly addNameRange     '1.3.21-beta.0',
25 silly addNameRange     '1.3.21-beta.1',
25 silly addNameRange     '1.3.21',
25 silly addNameRange     '1.3.22',
25 silly addNameRange     '1.4.0-beta.8',
25 silly addNameRange     '1.4.0-beta.9',
25 silly addNameRange     '1.4.0-beta.10',
25 silly addNameRange     '1.4.0-beta.11',
25 silly addNameRange     '1.4.0-beta.12',
25 silly addNameRange     '1.4.0-beta.13',
25 silly addNameRange     '1.4.0-beta.14',
25 silly addNameRange     '1.4.0-beta.15',
25 silly addNameRange     '1.4.0-beta.16',
25 silly addNameRange     '1.4.0-beta.17',
25 silly addNameRange     '1.4.0-beta.18',
25 silly addNameRange     '1.4.0',
25 silly addNameRange     '1.4.1' ] ]
26 verbose addNamed ionic@1.4.1
27 silly addNamed semver.valid 1.4.1
28 silly addNamed semver.validRange 1.4.1
29 silly mapToRegistry name ionic
30 silly mapToRegistry using default registry
31 silly mapToRegistry registry https://registry.npmjs.org/
32 silly mapToRegistry uri https://registry.npmjs.org/ionic
33 verbose addRemoteTarball https://registry.npmjs.org/ionic/-/ionic-1.4.1.tgz not in flight; adding
34 verbose addRemoteTarball [ 'https://registry.npmjs.org/ionic/-/ionic-1.4.1.tgz',
34 verbose addRemoteTarball   '72bea509cd7a72444227f62684985e01b6ad9109' ]
35 info retry fetch attempt 1 at 12:18:55 PM
36 info attempt registry request try #1 at 12:18:55 PM
37 http fetch GET https://registry.npmjs.org/ionic/-/ionic-1.4.1.tgz
38 http fetch 200 https://registry.npmjs.org/ionic/-/ionic-1.4.1.tgz
39 silly fetchAndShaCheck shasum 72bea509cd7a72444227f62684985e01b6ad9109
40 verbose addTmpTarball /var/folders/zz/zyxvpxvq6csfxvn_n00000s4000069/T/npm-26012-4fd6018d/registry.npmjs.org/ionic/-/ionic-1.4.1.tgz not in flight; adding
41 verbose addTmpTarball already have metadata; skipping unpack for ionic@1.4.1
42 silly cache afterAdd ionic@1.4.1
43 verbose afterAdd /Users/Guest/.npm/ionic/1.4.1/package/package.json not in flight; writing
44 verbose afterAdd /Users/Guest/.npm/ionic/1.4.1/package/package.json written
45 silly install resolved [ { name: 'ionic',
45 silly install resolved     version: '1.4.1',
45 silly install resolved     preferGlobal: true,
45 silly install resolved     description: 'A tool for creating and developing Ionic Framework mobile apps.',
45 silly install resolved     homepage: 'http://ionicframework.com/',
45 silly install resolved     bin: { ionic: 'bin/ionic' },
45 silly install resolved     scripts:
45 silly install resolved      { bump: 'node lib/tasks/bumpversion',
45 silly install resolved        'beta-bump': 'node lib/tasks/bumpversion --level pre --identifier beta',
45 silly install resolved        'publish-release': 'node lib/tasks/bumpversion --npmPublish',
45 silly install resolved        'publish-tag': 'node lib/tasks/bumpversion --level beta --npmPublishTag',
45 silly install resolved        'full-release': 'node lib/tasks/bumpversion --npmInstall --git --npmPublish',
45 silly install resolved        test: 'npm run jasmine',
45 silly install resolved        e2e: 'jasmine-node --captureExceptions ./e2e',
45 silly install resolved        jasmine: 'jasmine-node --captureExceptions  ./spec' },
45 silly install resolved     keywords:
45 silly install resolved      [ 'ionic',
45 silly install resolved        'ionic framework',
45 silly install resolved        'ionicframework',
45 silly install resolved        'mobile',
45 silly install resolved        'app',
45 silly install resolved        'hybrid',
45 silly install resolved        'cordova',
45 silly install resolved        'phonegap' ],
45 silly install resolved     repository:
45 silly install resolved      { type: 'git',
45 silly install resolved        url: 'https://github.com/driftyco/ionic-cli.git' },
45 silly install resolved     contributors: [ [Object], [Object], [Object], [Object] ],
45 silly install resolved     license: 'MIT',
45 silly install resolved     dependencies:
45 silly install resolved      { archiver: '0.5.1',
45 silly install resolved        async: '^0.9.0',
45 silly install resolved        cheerio: '^0.19.0',
45 silly install resolved        'cli-table': '^0.3.1',
45 silly install resolved        colors: '0.6.2',
45 silly install resolved        connect: '3.1.1',
45 silly install resolved        'connect-livereload': '0.5.2',
45 silly install resolved        crc: '3.2.1',
45 silly install resolved        'cross-spawn': '0.2.3',
45 silly install resolved        'event-stream': '3.0.x',
45 silly install resolved        finalhandler: '0.2.0',
45 silly install resolved        'form-data': '0.1.4',
45 silly install resolved        gulp: '3.8.8',
45 silly install resolved        'ionic-app-lib': '0.0.18',
45 silly install resolved        ncp: '0.4.2',
45 silly install resolved        npm: '2.1.3',
45 silly install resolved        'opbeat-ionic': '^1.1.3',
45 silly install resolved        open: '0.0.5',
45 silly install resolved        optimist: '0.6.0',
45 silly install resolved        progress: '1.1.7',
45 silly install resolved        prompt: '0.2.12',
45 silly install resolved        'proxy-middleware': '^0.7.0',
45 silly install resolved        q: '1.0.1',
45 silly install resolved        request: '2.51.0',
45 silly install resolved        semver: '^4.2.0',
45 silly install resolved        'serve-static': '1.7.1',
45 silly install resolved        shelljs: '0.2.6',
45 silly install resolved        'tiny-lr-fork': '0.0.5',
45 silly install resolved        underscore: '~1.7.0',
45 silly install resolved        unzip: '0.1.9',
45 silly install resolved        'vinyl-fs': '0.3.7',
45 silly install resolved        xml2js: '0.4.4' },
45 silly install resolved     devDependencies: { 'jasmine-node': '^1.14.5' },
45 silly install resolved     gitHead: 'd7e7e9cc3a021860b11e94227c0077f0eafdae68',
45 silly install resolved     bugs: { url: 'https://github.com/driftyco/ionic-cli/issues' },
45 silly install resolved     _id: 'ionic@1.4.1',
45 silly install resolved     _shasum: '72bea509cd7a72444227f62684985e01b6ad9109',
45 silly install resolved     _from: 'ionic@*',
45 silly install resolved     _npmVersion: '2.5.1',
45 silly install resolved     _nodeVersion: '0.10.33',
45 silly install resolved     _npmUser: { name: 'jbavari', email: 'jbavari@gmail.com' },
45 silly install resolved     dist:
45 silly install resolved      { shasum: '72bea509cd7a72444227f62684985e01b6ad9109',
45 silly install resolved        tarball: 'http://registry.npmjs.org/ionic/-/ionic-1.4.1.tgz' },
45 silly install resolved     maintainers: [ [Object], [Object], [Object] ],
45 silly install resolved     directories: {},
45 silly install resolved     _resolved: 'https://registry.npmjs.org/ionic/-/ionic-1.4.1.tgz' } ]
46 info install ionic@1.4.1 into /usr/local/lib
47 info installOne ionic@1.4.1
48 verbose installOne of ionic to /usr/local/lib not in flight; installing
49 verbose lock using /Users/Guest/.npm/_locks/ionic-61c0cd50dc7a1457.lock for /usr/local/lib/node_modules/ionic
50 silly install write writing ionic 1.4.1 to /usr/local/lib/node_modules/ionic
51 silly cache addNamed cb ionic@1.4.1
52 verbose unbuild lib/node_modules/ionic
53 verbose gentlyRm vacuuming /usr/local/lib/node_modules/ionic
54 verbose tar unpack /Users/Guest/.npm/ionic/1.4.1/package.tgz
55 verbose tar unpacking to /usr/local/lib/node_modules/ionic
56 verbose gentlyRm vacuuming /usr/local/lib/node_modules/ionic
57 silly gunzTarPerm modes [ '755', '644' ]
58 error tar.unpack untar error /Users/Guest/.npm/ionic/1.4.1/package.tgz
59 verbose unlock done using /Users/Guest/.npm/_locks/ionic-61c0cd50dc7a1457.lock for /usr/local/lib/node_modules/ionic
60 verbose fstream_path /usr/local/lib/node_modules/ionic
61 verbose fstream_type Directory
62 verbose fstream_class DirWriter
63 verbose stack Error: EACCES, mkdir '/usr/local/lib/node_modules/ionic'
63 verbose stack     at Error (native)
64 verbose fstream_stack /usr/local/lib/node_modules/npm/node_modules/fstream/lib/dir-writer.js:36:23
64 verbose fstream_stack /usr/local/lib/node_modules/npm/node_modules/mkdirp/index.js:46:53
64 verbose fstream_stack FSReqWrap.oncomplete (fs.js:99:15)
65 verbose cwd /Users/Guest/Desktop/welectricity_fe
66 error Darwin 14.3.0
67 error argv "node" "/usr/local/bin/npm" "install" "-g" "ionic"
68 error node v0.12.0
69 error npm  v2.5.1
70 error path /usr/local/lib/node_modules/ionic
71 error code EACCES
72 error errno -13
73 error Error: EACCES, mkdir '/usr/local/lib/node_modules/ionic'
73 error     at Error (native)
73 error  { [Error: EACCES, mkdir '/usr/local/lib/node_modules/ionic']
73 error   errno: -13,
73 error   code: 'EACCES',
73 error   path: '/usr/local/lib/node_modules/ionic',
73 error   fstream_type: 'Directory',
73 error   fstream_path: '/usr/local/lib/node_modules/ionic',
73 error   fstream_class: 'DirWriter',
73 error   fstream_stack:
73 error    [ '/usr/local/lib/node_modules/npm/node_modules/fstream/lib/dir-writer.js:36:23',
73 error      '/usr/local/lib/node_modules/npm/node_modules/mkdirp/index.js:46:53',
73 error      'FSReqWrap.oncomplete (fs.js:99:15)' ] }
74 error Please try running this command again as root/Administrator.
75 verbose exit [ -13, true ]
76 verbose unbuild lib/node_modules/ionic
77 verbose gentlyRm vacuuming /usr/local/lib/node_modules/ionic
